     Creating library C:\Users\admin\Desktop\Laba_13_1\x64\Debug\UnitTest1.lib and object C:\Users\admin\Desktop\Laba_13_1\x64\Debug\UnitTest1.exp
UnitTest1.obj : error LNK2019: unresolved external symbol "void __cdecl nsSum::sum(void)" (?sum@nsSum@@YAXXZ) referenced in function "public: void __cdecl UnitTest1::UnitTest1::TestMethod1(void)" (?TestMethod1@UnitTest1@1@QEAAXXZ)
UnitTest1.obj : error LNK2001: unresolved external symbol "double nsVar::x_p" (?x_p@nsVar@@3NA)
UnitTest1.obj : error LNK2001: unresolved external symbol "double nsVar::x_k" (?x_k@nsVar@@3NA)
UnitTest1.obj : error LNK2001: unresolved external symbol "double nsVar::dx" (?dx@nsVar@@3NA)
UnitTest1.obj : error LNK2001: unresolved external symbol "double nsVar::e" (?e@nsVar@@3NA)
UnitTest1.obj : error LNK2001: unresolved external symbol "double nsVar::s" (?s@nsVar@@3NA)
C:\Users\admin\Desktop\Laba_13_1\x64\Debug\UnitTest1.dll : fatal error LNK1120: 6 unresolved externals
